\o Program:		@(#)$CDS: libManager version 6.1.8 - CAT37 10/27/2020 22:20 (sjfhw691) $
\o Sub version:		sub-version  s154 
\o Arguments:		-unmapped -mpssession virtuoso51172 -mpshost en-ec-ecelinux-05.coecis.cornell.edu 
\o Working Directory:	en-ec-ecelinux-05.coecis.cornell.edu:/home/ekz5/ECE4740-finalProject
\o 64-bit offsets
\o Qt version: 		5.9.1
\o changeWorkingDir("/home/ekz5/ECE4740-finalProject") unnecessary.
\o ddSetForcedLib("") unnecessary.
\o Log file is "/home/ekz5/ECE4740-finalProject/libManager.log".
\o Opening libManager window.
\a nrSetWindowVisibility(cdsLibManager "show")
\o MPS service: map window
\o Library Manager customization server connected.
\a nrSetCurrentWindow(cdsLibManager)
\w Warning: The directory: '/home/ekz5/ECE4740-finalProject/ece4740' does not exist
\w 	but was defined in libFile '/home/ekz5/ECE4740-finalProject/cds.lib' for Lib 'ece4740'.
\a nrResizeWindow(cdsLibManager list(0 31 600 721))
\a lmgrLogShowPopup("mainListPopup0" 34 144 2 "")
\a nrSetCurrentWindow(cdsLibManager)
\a nrSetWindowVisibility(cdsLibManager "hide")
\a _lmgrCloseIconify("cdsLibManager" 1)
\o MPS service: shutdown
\o libManager is exiting.
\a exit(0)
