 
****************************************
Report : timing
        -path full
        -delay min
        -max_paths 5
Design : LFSR_DegSeven_One
Version: R-2020.09-SP2
Date   : Fri May  7 14:41:38 2021
****************************************

Operating Conditions: TYPICAL   Library: saed90nm_typ
Wire Load Model Mode: enclosed

  Startpoint: DFFF/Q_DO_reg[0]
              (rising edge-triggered flip-flop clocked by Clk_CI)
  Endpoint: DFFF/Q_DO_reg[0]
            (rising edge-triggered flip-flop clocked by Clk_CI)
  Path Group: Clk_CI
  Path Type: min

  Des/Clust/Port     Wire Load Model       Library
  ------------------------------------------------
  LFSR_DegSeven_One  8000                  saed90nm_typ
  FF_DATA_WIDTH1_6   ForQA                 saed90nm_typ

  Point                                    Incr       Path
  -----------------------------------------------------------
  clock Clk_CI (rise edge)                 0.00       0.00
  clock network delay (ideal)              0.00       0.00
  DFFF/Q_DO_reg[0]/CLK (DFFARX1)           0.00       0.00 r
  DFFF/Q_DO_reg[0]/Q (DFFARX1)             0.22       0.22 f
  DFFF/U2/Q (MUX21X1)                      0.11       0.33 f
  DFFF/Q_DO_reg[0]/D (DFFARX1)             0.03       0.35 f
  data arrival time                                   0.35

  clock Clk_CI (rise edge)                 0.00       0.00
  clock network delay (ideal)              0.00       0.00
  DFFF/Q_DO_reg[0]/CLK (DFFARX1)           0.00       0.00 r
  library hold time                        0.02       0.02
  data required time                                  0.02
  -----------------------------------------------------------
  data required time                                  0.02
  data arrival time                                  -0.35
  -----------------------------------------------------------
  slack (MET)                                         0.34


  Startpoint: DFFE/Q_DO_reg[0]
              (rising edge-triggered flip-flop clocked by Clk_CI)
  Endpoint: DFFE/Q_DO_reg[0]
            (rising edge-triggered flip-flop clocked by Clk_CI)
  Path Group: Clk_CI
  Path Type: min

  Des/Clust/Port     Wire Load Model       Library
  ------------------------------------------------
  LFSR_DegSeven_One  8000                  saed90nm_typ
  FF_DATA_WIDTH1_5   ForQA                 saed90nm_typ

  Point                                    Incr       Path
  -----------------------------------------------------------
  clock Clk_CI (rise edge)                 0.00       0.00
  clock network delay (ideal)              0.00       0.00
  DFFE/Q_DO_reg[0]/CLK (DFFARX1)           0.00       0.00 r
  DFFE/Q_DO_reg[0]/Q (DFFARX1)             0.22       0.22 f
  DFFE/U2/Q (MUX21X1)                      0.11       0.33 f
  DFFE/Q_DO_reg[0]/D (DFFARX1)             0.03       0.35 f
  data arrival time                                   0.35

  clock Clk_CI (rise edge)                 0.00       0.00
  clock network delay (ideal)              0.00       0.00
  DFFE/Q_DO_reg[0]/CLK (DFFARX1)           0.00       0.00 r
  library hold time                        0.02       0.02
  data required time                                  0.02
  -----------------------------------------------------------
  data required time                                  0.02
  data arrival time                                  -0.35
  -----------------------------------------------------------
  slack (MET)                                         0.34


  Startpoint: DFFD/Q_DO_reg[0]
              (rising edge-triggered flip-flop clocked by Clk_CI)
  Endpoint: DFFD/Q_DO_reg[0]
            (rising edge-triggered flip-flop clocked by Clk_CI)
  Path Group: Clk_CI
  Path Type: min

  Des/Clust/Port     Wire Load Model       Library
  ------------------------------------------------
  LFSR_DegSeven_One  8000                  saed90nm_typ
  FF_DATA_WIDTH1_4   ForQA                 saed90nm_typ

  Point                                    Incr       Path
  -----------------------------------------------------------
  clock Clk_CI (rise edge)                 0.00       0.00
  clock network delay (ideal)              0.00       0.00
  DFFD/Q_DO_reg[0]/CLK (DFFARX1)           0.00       0.00 r
  DFFD/Q_DO_reg[0]/Q (DFFARX1)             0.22       0.22 f
  DFFD/U2/Q (MUX21X1)                      0.11       0.33 f
  DFFD/Q_DO_reg[0]/D (DFFARX1)             0.03       0.35 f
  data arrival time                                   0.35

  clock Clk_CI (rise edge)                 0.00       0.00
  clock network delay (ideal)              0.00       0.00
  DFFD/Q_DO_reg[0]/CLK (DFFARX1)           0.00       0.00 r
  library hold time                        0.02       0.02
  data required time                                  0.02
  -----------------------------------------------------------
  data required time                                  0.02
  data arrival time                                  -0.35
  -----------------------------------------------------------
  slack (MET)                                         0.34


  Startpoint: DFFC/Q_DO_reg[0]
              (rising edge-triggered flip-flop clocked by Clk_CI)
  Endpoint: DFFC/Q_DO_reg[0]
            (rising edge-triggered flip-flop clocked by Clk_CI)
  Path Group: Clk_CI
  Path Type: min

  Des/Clust/Port     Wire Load Model       Library
  ------------------------------------------------
  LFSR_DegSeven_One  8000                  saed90nm_typ
  FF_DATA_WIDTH1_3   ForQA                 saed90nm_typ

  Point                                    Incr       Path
  -----------------------------------------------------------
  clock Clk_CI (rise edge)                 0.00       0.00
  clock network delay (ideal)              0.00       0.00
  DFFC/Q_DO_reg[0]/CLK (DFFARX1)           0.00       0.00 r
  DFFC/Q_DO_reg[0]/Q (DFFARX1)             0.22       0.22 f
  DFFC/U2/Q (MUX21X1)                      0.11       0.33 f
  DFFC/Q_DO_reg[0]/D (DFFARX1)             0.03       0.35 f
  data arrival time                                   0.35

  clock Clk_CI (rise edge)                 0.00       0.00
  clock network delay (ideal)              0.00       0.00
  DFFC/Q_DO_reg[0]/CLK (DFFARX1)           0.00       0.00 r
  library hold time                        0.02       0.02
  data required time                                  0.02
  -----------------------------------------------------------
  data required time                                  0.02
  data arrival time                                  -0.35
  -----------------------------------------------------------
  slack (MET)                                         0.34


  Startpoint: DFFB/Q_DO_reg[0]
              (rising edge-triggered flip-flop clocked by Clk_CI)
  Endpoint: DFFB/Q_DO_reg[0]
            (rising edge-triggered flip-flop clocked by Clk_CI)
  Path Group: Clk_CI
  Path Type: min

  Des/Clust/Port     Wire Load Model       Library
  ------------------------------------------------
  LFSR_DegSeven_One  8000                  saed90nm_typ
  FF_DATA_WIDTH1_2   ForQA                 saed90nm_typ

  Point                                    Incr       Path
  -----------------------------------------------------------
  clock Clk_CI (rise edge)                 0.00       0.00
  clock network delay (ideal)              0.00       0.00
  DFFB/Q_DO_reg[0]/CLK (DFFARX1)           0.00       0.00 r
  DFFB/Q_DO_reg[0]/Q (DFFARX1)             0.22       0.22 f
  DFFB/U2/Q (MUX21X1)                      0.11       0.33 f
  DFFB/Q_DO_reg[0]/D (DFFARX1)             0.03       0.35 f
  data arrival time                                   0.35

  clock Clk_CI (rise edge)                 0.00       0.00
  clock network delay (ideal)              0.00       0.00
  DFFB/Q_DO_reg[0]/CLK (DFFARX1)           0.00       0.00 r
  library hold time                        0.02       0.02
  data required time                                  0.02
  -----------------------------------------------------------
  data required time                                  0.02
  data arrival time                                  -0.35
  -----------------------------------------------------------
  slack (MET)                                         0.34


1
